[2014-02-03 13:59:15] START
[2014-02-03 14:10:14] EDIT team_splunke/controllers/default.py: -1
[2014-02-03 14:10:38] EDIT team_splunke/controllers/default.py: 0
[2014-02-03 14:13:09] EDIT team_splunke/controllers/default.py: 1
[2014-02-03 14:13:43] EDIT team_splunke/controllers/default.py: 1
[2014-02-03 14:13:54] EDIT team_splunke/controllers/default.py: 0
[2014-02-03 14:14:01] EDIT team_splunke/controllers/default.py: -1
[2014-02-03 14:14:35] EDIT team_splunke/controllers/default.py: 1
[2014-02-03 14:17:58] EDIT team_splunke/controllers/default.py: 0
[2014-02-03 14:21:06] EDIT team_splunke/controllers/default.py: 0
[2014-02-03 14:27:02] EDIT team_splunke/controllers/default.py: 1
[2014-02-03 14:27:49] EDIT team_splunke/controllers/default.py: 1
[2014-02-03 14:28:54] EDIT team_splunke/controllers/default.py: 0
[2014-02-03 14:29:16] EDIT team_splunke/controllers/default.py: 0
[2014-02-03 14:32:29] EDIT team_splunke/controllers/default.py: -1
[2014-02-03 14:32:37] EDIT team_splunke/controllers/default.py: 0
[2014-02-03 14:33:49] EDIT team_splunke/controllers/default.py: 0
[2014-02-03 14:34:18] EDIT team_splunke/controllers/default.py: 0
[2014-02-03 15:09:19] EDIT SplunkeGSD/controllers/default.py: 0
[2014-02-11 16:10:41] EDIT SplunkeGSD/controllers/default.py: -1
[2014-02-11 16:12:54] EDIT SplunkeGSD/controllers/default.py: 0
[2014-02-11 16:16:29] EDIT SplunkeGSD/controllers/default.py: 0
[2014-02-11 16:18:53] EDIT SplunkeGSD/controllers/default.py: 0
[2014-02-11 16:20:13] EDIT SplunkeGSD/controllers/default.py: 0
[2014-02-11 16:24:04] EDIT SplunkeGSD/controllers/default.py: 0
[2014-02-11 16:24:16] EDIT SplunkeGSD/controllers/classes/module.py: 0
[2014-02-11 16:38:33] EDIT SplunkeGSD/controllers/classes/module.py: 1
[2014-02-11 16:38:44] EDIT SplunkeGSD/controllers/classes/module.py: 0
[2014-02-11 16:38:54] EDIT SplunkeGSD/controllers/classes/module.py: 0
[2014-02-11 16:39:26] EDIT SplunkeGSD/controllers/classes/module.py: 0
[2014-02-11 16:41:13] CREATE team.py: 0
[2014-02-11 16:46:56] EDIT SplunkeGSD/controllers/team.py: 4
[2014-02-11 16:52:01] EDIT SplunkeGSD/controllers/default.py: 0
[2014-02-11 16:52:04] EDIT SplunkeGSD/controllers/classes/module.py: 0
[2014-02-11 16:52:06] EDIT SplunkeGSD/controllers/team.py: 2
[2014-02-11 16:53:13] EDIT SplunkeGSD/controllers/team.py: 2
[2014-02-11 16:53:30] EDIT SplunkeGSD/controllers/team.py: 0
[2014-02-11 17:04:25] EDIT SplunkeGSD/controllers/team.py: 7
[2014-02-11 17:05:33] EDIT SplunkeGSD/controllers/team.py: 0
[2014-02-11 17:06:43] EDIT SplunkeGSD/controllers/team.py: 0
[2014-02-11 17:08:42] EDIT SplunkeGSD/controllers/team.py: 1
[2014-02-11 17:10:38] EDIT SplunkeGSD/controllers/team.py: 0
[2014-02-11 17:12:37] EDIT SplunkeGSD/controllers/team.py: 0
[2014-02-11 17:19:22] EDIT SplunkeGSD/controllers/classes/module.py: 2
[2014-02-11 17:20:28] EDIT SplunkeGSD/controllers/classes/module.py: 0
[2014-02-11 17:21:25] EDIT SplunkeGSD/controllers/classes/module.py: 0
[2014-02-11 17:21:47] EDIT SplunkeGSD/controllers/classes/module.py: 0
[2014-02-11 17:22:41] EDIT SplunkeGSD/controllers/classes/module.py: 0
[2014-02-11 17:31:12] EDIT SplunkeGSD/controllers/team.py: 4
[2014-02-11 17:31:16] EDIT SplunkeGSD/controllers/classes/module.py: 0
[2014-02-11 17:31:19] EDIT SplunkeGSD/controllers/default.py: 2
[2014-02-11 17:33:08] EDIT SplunkeGSD/controllers/default.py: 1
[2014-02-11 17:36:49] EDIT SplunkeGSD/controllers/default.py: 0
[2014-02-11 17:37:23] EDIT SplunkeGSD/controllers/classes/module.py: 0
[2014-02-11 18:37:46] EDIT SplunkeGSD/controllers/classes/module.py: 0
[2014-02-11 18:41:51] EDIT SplunkeGSD/controllers/classes/module.py: 1
